autoscan: warning: missing AC_CHECK_FUNCS([gettimeofday]) wanted by: 
	src/os.cpp:33
autoscan: warning: missing AC_CHECK_FUNCS([memset]) wanted by: 
	src/os.cpp:403
	src/os.cpp:420
	src/os.cpp:578
	src/os.cpp:588
	src/os.cpp:672
	src/os.cpp:1187
	src/os.cpp:1188
	src/os.cpp:1189
	src/os.cpp:1207
	src/os.cpp:1208
	src/os.cpp:1209
autoscan: warning: missing AC_CHECK_FUNCS([mkdir]) wanted by: 
	src/os.cpp:1031
	src/os.cpp:1036
	src/os.cpp:1285
	src/os.hpp:281
autoscan: warning: missing AC_CHECK_FUNCS([socket]) wanted by: 
	src/os.cpp:429
	src/os.cpp:523
	src/os.cpp:649
	src/os.cpp:746
autoscan: warning: missing AC_CHECK_FUNCS([strcasecmp]) wanted by: 
	src/Text.cpp:305
	src/Text.cpp:326
	src/Text.cpp:340
	src/Text.cpp:352
autoscan: warning: missing AC_CHECK_HEADERS([arpa/inet.h]) wanted by: 
	src/os.hpp:102
autoscan: warning: missing AC_CHECK_HEADERS([netdb.h]) wanted by: 
	src/os.hpp:108
autoscan: warning: missing AC_CHECK_HEADERS([netinet/in.h]) wanted by: 
	src/os.hpp:109
autoscan: warning: missing AC_CHECK_HEADERS([sys/socket.h]) wanted by: 
	src/os.hpp:105
autoscan: warning: missing AC_CHECK_HEADERS([sys/time.h]) wanted by: 
	src/os.hpp:26
	src/os.hpp:41
autoscan: warning: missing AC_CHECK_HEADERS([unistd.h]) wanted by: 
	src/Text.cpp:1
	src/os.hpp:25
	src/os.hpp:40
autoscan: warning: missing AC_CHECK_HEADER_STDBOOL wanted by: 
	src/os.cpp:135
	src/os.cpp:138
	src/os.cpp:180
	src/os.cpp:223
	src/os.cpp:226
	src/os.cpp:237
	src/os.cpp:238
	src/os.cpp:243
	src/os.cpp:669
	src/os.cpp:684
	src/os.cpp:764
	src/os.cpp:782
	src/os.cpp:840
	src/os.cpp:844
	src/os.cpp:898
	src/os.cpp:909
	src/os.cpp:912
	src/os.cpp:915
	src/os.cpp:925
	src/os.cpp:936
	src/os.cpp:1058
	src/os.cpp:1069
	src/os.cpp:1072
	src/os.cpp:1075
	src/os.cpp:1083
	src/os.cpp:1089
	src/os.cpp:1098
	src/os.cpp:1233
	src/os.cpp:1237
	src/os.cpp:1241
	src/os.cpp:1245
	src/os.cpp:1249
	src/os.cpp:1273
	src/HttpServer.cpp:15
	src/HttpServer.hpp:9
	src/HttpServer.hpp:16
	src/HttpHeader.hpp:18
	src/HttpHeader.hpp:42
	src/HttpHeader.hpp:49
	src/HttpHeader.hpp:58
	src/HttpHeader.hpp:59
	src/Text.hpp:19
	src/Text.hpp:22
	src/Text.hpp:33
	src/Text.hpp:33
	src/Text.hpp:34
	src/Text.hpp:34
	src/Text.hpp:36
	src/Text.cpp:56
	src/Text.cpp:210
	src/Text.cpp:296
	src/Text.cpp:296
	src/Text.cpp:317
	src/Text.cpp:317
	src/Text.cpp:346
	src/HttpHeader.cpp:12
	src/HttpHeader.cpp:44
	src/HttpHeader.cpp:58
	src/HttpHeader.cpp:60
	src/os.hpp:162
	src/os.hpp:163
	src/os.hpp:182
	src/os.hpp:184
	src/os.hpp:185
	src/os.hpp:243
	src/os.hpp:244
	src/os.hpp:270
	src/os.hpp:271
	src/os.hpp:272
	src/os.hpp:273
	src/os.hpp:274
	src/os.hpp:280
	src/os.cpp:138
	src/os.cpp:141
	src/os.cpp:145
	src/os.cpp:149
	src/os.cpp:186
	src/os.cpp:192
	src/os.cpp:205
	src/os.cpp:219
	src/os.cpp:220
	src/os.cpp:230
	src/os.cpp:239
	src/os.cpp:372
	src/os.cpp:679
	src/os.cpp:688
	src/os.cpp:774
	src/os.cpp:789
	src/os.cpp:841
	src/os.cpp:845
	src/os.cpp:918
	src/os.cpp:928
	src/os.cpp:934
	src/os.cpp:939
	src/os.cpp:944
	src/os.cpp:1078
	src/os.cpp:1092
	src/os.cpp:1096
	src/os.cpp:1101
	src/os.cpp:1105
	src/os.cpp:1279
	src/HttpServer.cpp:6
	src/Text.hpp:33
	src/Text.hpp:34
	src/Text.cpp:59
	src/Text.cpp:84
	src/Text.cpp:158
	src/Text.cpp:299
	src/Text.cpp:311
	src/Text.cpp:320
	src/Text.cpp:332
	src/Text.cpp:349
	src/Text.cpp:352
	src/os.cpp:153
	src/os.cpp:227
	src/os.cpp:234
	src/os.cpp:681
	src/os.cpp:690
	src/os.cpp:779
	src/os.cpp:792
	src/os.cpp:934
	src/os.cpp:944
	src/Text.cpp:84
	src/Text.cpp:94
	src/Text.cpp:100
	src/Text.cpp:130
	src/Text.cpp:352
autoscan: warning: missing AC_FUNC_ERROR_AT_LINE wanted by: 
	src/os.cpp:1031
autoscan: warning: missing AC_FUNC_LSTAT_FOLLOWS_SLASHED_SYMLINK wanted by: 
	src/os.cpp:933
	src/os.cpp:943
autoscan: warning: missing AC_FUNC_MALLOC wanted by: 
	src/os.cpp:329
	src/os.cpp:342
autoscan: warning: missing AC_TYPE_MODE_T wanted by: 
	src/os.cpp:1015
autoscan: warning: missing AC_TYPE_SIZE_T wanted by: 
	src/os.cpp:957
	src/os.cpp:970
	src/os.cpp:983
	src/os.cpp:997
	src/os.cpp:1007
	src/os.cpp:1019
	src/os.cpp:1296
	src/HttpHeader.hpp:19
	src/Text.cpp:33
	src/Text.cpp:34
	src/Text.cpp:167
	src/Text.cpp:168
	src/Text.cpp:219
	src/Text.cpp:262
	src/HttpHeader.cpp:14
